┌ Debug: 2021-09-29T16:16:06.508 [210950:1]: System doesn't contain Dynamic Branches
└ @ PowerSimulationsDynamics /global/home/users/cmroberts/.julia/packages/PowerSimulationsDynamics/IvsFd/src/base/simulation_inputs.jl:188
┌ Debug: 2021-09-29T16:16:06.508 [210950:1]: GF_Battery-6
└ @ PowerSimulationsDynamics /global/home/users/cmroberts/.julia/packages/PowerSimulationsDynamics/IvsFd/src/base/simulation_inputs.jl:206
┌ Debug: 2021-09-29T16:16:06.508 [210950:1]: Gf_Battery-3
└ @ PowerSimulationsDynamics /global/home/users/cmroberts/.julia/packages/PowerSimulationsDynamics/IvsFd/src/base/simulation_inputs.jl:206
┌ Debug: 2021-09-29T16:16:06.508 [210950:1]: GF_Battery-3
└ @ PowerSimulationsDynamics /global/home/users/cmroberts/.julia/packages/PowerSimulationsDynamics/IvsFd/src/base/simulation_inputs.jl:206
┌ Debug: 2021-09-29T16:16:06.508 [210950:1]: Gf_Battery-6
└ @ PowerSimulationsDynamics /global/home/users/cmroberts/.julia/packages/PowerSimulationsDynamics/IvsFd/src/base/simulation_inputs.jl:206
┌ Debug: 2021-09-29T16:16:06.508 [210950:1]: Gf_Battery-8
└ @ PowerSimulationsDynamics /global/home/users/cmroberts/.julia/packages/PowerSimulationsDynamics/IvsFd/src/base/simulation_inputs.jl:206
┌ Debug: 2021-09-29T16:16:06.508 [210950:1]: GF_Battery-8
└ @ PowerSimulationsDynamics /global/home/users/cmroberts/.julia/packages/PowerSimulationsDynamics/IvsFd/src/base/simulation_inputs.jl:206
┌ Debug: 2021-09-29T16:16:06.508 [210950:1]: generator-3-1
└ @ PowerSimulationsDynamics /global/home/users/cmroberts/.julia/packages/PowerSimulationsDynamics/IvsFd/src/base/simulation_inputs.jl:206
┌ Debug: 2021-09-29T16:16:06.508 [210950:1]: generator-8-1
└ @ PowerSimulationsDynamics /global/home/users/cmroberts/.julia/packages/PowerSimulationsDynamics/IvsFd/src/base/simulation_inputs.jl:206
┌ Debug: 2021-09-29T16:16:06.508 [210950:1]: generator-1-1
└ @ PowerSimulationsDynamics /global/home/users/cmroberts/.julia/packages/PowerSimulationsDynamics/IvsFd/src/base/simulation_inputs.jl:206
┌ Debug: 2021-09-29T16:16:06.509 [210950:1]: generator-2-1
└ @ PowerSimulationsDynamics /global/home/users/cmroberts/.julia/packages/PowerSimulationsDynamics/IvsFd/src/base/simulation_inputs.jl:206
┌ Debug: 2021-09-29T16:16:06.509 [210950:1]: generator-6-1
└ @ PowerSimulationsDynamics /global/home/users/cmroberts/.julia/packages/PowerSimulationsDynamics/IvsFd/src/base/simulation_inputs.jl:206
┌ Debug: 2021-09-29T16:16:06.509 [210950:1]: Using default mass matrix entries FixedDCSource
└ @ PowerSimulationsDynamics /global/home/users/cmroberts/.julia/packages/PowerSimulationsDynamics/IvsFd/src/models/inverter_models/DCside_models.jl:6
┌ Debug: 2021-09-29T16:16:06.509 [210950:1]: Using default mass matrix entries FixedFrequency
└ @ PowerSimulationsDynamics /global/home/users/cmroberts/.julia/packages/PowerSimulationsDynamics/IvsFd/src/models/inverter_models/frequency_estimator_models.jl:6
┌ Debug: 2021-09-29T16:16:06.510 [210950:1]: Using default mass matrix entries OuterControl{ActivePowerDroop, ReactivePowerDroop}
└ @ PowerSimulationsDynamics /global/home/users/cmroberts/.julia/packages/PowerSimulationsDynamics/IvsFd/src/models/inverter_models/outer_control_models.jl:6
┌ Debug: 2021-09-29T16:16:06.510 [210950:1]: Using default mass matrix entries VoltageModeControl
└ @ PowerSimulationsDynamics /global/home/users/cmroberts/.julia/packages/PowerSimulationsDynamics/IvsFd/src/models/inverter_models/inner_control_models.jl:6
┌ Debug: 2021-09-29T16:16:06.510 [210950:1]: Using default mass matrix entries AverageConverter
└ @ PowerSimulationsDynamics /global/home/users/cmroberts/.julia/packages/PowerSimulationsDynamics/IvsFd/src/models/inverter_models/converter_models.jl:6
┌ Debug: 2021-09-29T16:16:06.510 [210950:1]: Using default mass matrix entries LCLFilter
└ @ PowerSimulationsDynamics /global/home/users/cmroberts/.julia/packages/PowerSimulationsDynamics/IvsFd/src/models/inverter_models/filter_models.jl:6
┌ Debug: 2021-09-29T16:16:06.510 [210950:1]: Using default mass matrix entries FixedDCSource
└ @ PowerSimulationsDynamics /global/home/users/cmroberts/.julia/packages/PowerSimulationsDynamics/IvsFd/src/models/inverter_models/DCside_models.jl:6
┌ Debug: 2021-09-29T16:16:06.510 [210950:1]: Using default mass matrix entries KauraPLL
└ @ PowerSimulationsDynamics /global/home/users/cmroberts/.julia/packages/PowerSimulationsDynamics/IvsFd/src/models/inverter_models/frequency_estimator_models.jl:6
┌ Debug: 2021-09-29T16:16:06.511 [210950:1]: Using default mass matrix entries OuterControl{ActivePowerPI, ReactivePowerPI}
└ @ PowerSimulationsDynamics /global/home/users/cmroberts/.julia/packages/PowerSimulationsDynamics/IvsFd/src/models/inverter_models/outer_control_models.jl:6
┌ Debug: 2021-09-29T16:16:06.511 [210950:1]: Using default mass matrix entries CurrentModeControl
└ @ PowerSimulationsDynamics /global/home/users/cmroberts/.julia/packages/PowerSimulationsDynamics/IvsFd/src/models/inverter_models/inner_control_models.jl:6
┌ Debug: 2021-09-29T16:16:06.511 [210950:1]: Using default mass matrix entries AverageConverter
└ @ PowerSimulationsDynamics /global/home/users/cmroberts/.julia/packages/PowerSimulationsDynamics/IvsFd/src/models/inverter_models/converter_models.jl:6
┌ Debug: 2021-09-29T16:16:06.511 [210950:1]: Using default mass matrix entries LCLFilter
└ @ PowerSimulationsDynamics /global/home/users/cmroberts/.julia/packages/PowerSimulationsDynamics/IvsFd/src/models/inverter_models/filter_models.jl:6
┌ Debug: 2021-09-29T16:16:06.511 [210950:1]: Using default mass matrix entries FixedDCSource
└ @ PowerSimulationsDynamics /global/home/users/cmroberts/.julia/packages/PowerSimulationsDynamics/IvsFd/src/models/inverter_models/DCside_models.jl:6
┌ Debug: 2021-09-29T16:16:06.511 [210950:1]: Using default mass matrix entries FixedFrequency
└ @ PowerSimulationsDynamics /global/home/users/cmroberts/.julia/packages/PowerSimulationsDynamics/IvsFd/src/models/inverter_models/frequency_estimator_models.jl:6
┌ Debug: 2021-09-29T16:16:06.511 [210950:1]: Using default mass matrix entries OuterControl{ActivePowerDroop, ReactivePowerDroop}
└ @ PowerSimulationsDynamics /global/home/users/cmroberts/.julia/packages/PowerSimulationsDynamics/IvsFd/src/models/inverter_models/outer_control_models.jl:6
┌ Debug: 2021-09-29T16:16:06.511 [210950:1]: Using default mass matrix entries VoltageModeControl
└ @ PowerSimulationsDynamics /global/home/users/cmroberts/.julia/packages/PowerSimulationsDynamics/IvsFd/src/models/inverter_models/inner_control_models.jl:6
┌ Debug: 2021-09-29T16:16:06.512 [210950:1]: Using default mass matrix entries AverageConverter
└ @ PowerSimulationsDynamics /global/home/users/cmroberts/.julia/packages/PowerSimulationsDynamics/IvsFd/src/models/inverter_models/converter_models.jl:6
┌ Debug: 2021-09-29T16:16:06.512 [210950:1]: Using default mass matrix entries LCLFilter
└ @ PowerSimulationsDynamics /global/home/users/cmroberts/.julia/packages/PowerSimulationsDynamics/IvsFd/src/models/inverter_models/filter_models.jl:6
┌ Debug: 2021-09-29T16:16:06.512 [210950:1]: Using default mass matrix entries FixedDCSource
└ @ PowerSimulationsDynamics /global/home/users/cmroberts/.julia/packages/PowerSimulationsDynamics/IvsFd/src/models/inverter_models/DCside_models.jl:6
┌ Debug: 2021-09-29T16:16:06.512 [210950:1]: Using default mass matrix entries KauraPLL
└ @ PowerSimulationsDynamics /global/home/users/cmroberts/.julia/packages/PowerSimulationsDynamics/IvsFd/src/models/inverter_models/frequency_estimator_models.jl:6
┌ Debug: 2021-09-29T16:16:06.512 [210950:1]: Using default mass matrix entries OuterControl{ActivePowerPI, ReactivePowerPI}
└ @ PowerSimulationsDynamics /global/home/users/cmroberts/.julia/packages/PowerSimulationsDynamics/IvsFd/src/models/inverter_models/outer_control_models.jl:6
┌ Debug: 2021-09-29T16:16:06.512 [210950:1]: Using default mass matrix entries CurrentModeControl
└ @ PowerSimulationsDynamics /global/home/users/cmroberts/.julia/packages/PowerSimulationsDynamics/IvsFd/src/models/inverter_models/inner_control_models.jl:6
┌ Debug: 2021-09-29T16:16:06.512 [210950:1]: Using default mass matrix entries AverageConverter
└ @ PowerSimulationsDynamics /global/home/users/cmroberts/.julia/packages/PowerSimulationsDynamics/IvsFd/src/models/inverter_models/converter_models.jl:6
┌ Debug: 2021-09-29T16:16:06.512 [210950:1]: Using default mass matrix entries LCLFilter
└ @ PowerSimulationsDynamics /global/home/users/cmroberts/.julia/packages/PowerSimulationsDynamics/IvsFd/src/models/inverter_models/filter_models.jl:6
┌ Debug: 2021-09-29T16:16:06.512 [210950:1]: Using default mass matrix entries FixedDCSource
└ @ PowerSimulationsDynamics /global/home/users/cmroberts/.julia/packages/PowerSimulationsDynamics/IvsFd/src/models/inverter_models/DCside_models.jl:6
┌ Debug: 2021-09-29T16:16:06.512 [210950:1]: Using default mass matrix entries KauraPLL
└ @ PowerSimulationsDynamics /global/home/users/cmroberts/.julia/packages/PowerSimulationsDynamics/IvsFd/src/models/inverter_models/frequency_estimator_models.jl:6
┌ Debug: 2021-09-29T16:16:06.513 [210950:1]: Using default mass matrix entries OuterControl{ActivePowerPI, ReactivePowerPI}
└ @ PowerSimulationsDynamics /global/home/users/cmroberts/.julia/packages/PowerSimulationsDynamics/IvsFd/src/models/inverter_models/outer_control_models.jl:6
┌ Debug: 2021-09-29T16:16:06.513 [210950:1]: Using default mass matrix entries CurrentModeControl
└ @ PowerSimulationsDynamics /global/home/users/cmroberts/.julia/packages/PowerSimulationsDynamics/IvsFd/src/models/inverter_models/inner_control_models.jl:6
┌ Debug: 2021-09-29T16:16:06.513 [210950:1]: Using default mass matrix entries AverageConverter
└ @ PowerSimulationsDynamics /global/home/users/cmroberts/.julia/packages/PowerSimulationsDynamics/IvsFd/src/models/inverter_models/converter_models.jl:6
┌ Debug: 2021-09-29T16:16:06.513 [210950:1]: Using default mass matrix entries LCLFilter
└ @ PowerSimulationsDynamics /global/home/users/cmroberts/.julia/packages/PowerSimulationsDynamics/IvsFd/src/models/inverter_models/filter_models.jl:6
┌ Debug: 2021-09-29T16:16:06.513 [210950:1]: Using default mass matrix entries FixedDCSource
└ @ PowerSimulationsDynamics /global/home/users/cmroberts/.julia/packages/PowerSimulationsDynamics/IvsFd/src/models/inverter_models/DCside_models.jl:6
┌ Debug: 2021-09-29T16:16:06.513 [210950:1]: Using default mass matrix entries FixedFrequency
└ @ PowerSimulationsDynamics /global/home/users/cmroberts/.julia/packages/PowerSimulationsDynamics/IvsFd/src/models/inverter_models/frequency_estimator_models.jl:6
┌ Debug: 2021-09-29T16:16:06.514 [210950:1]: Using default mass matrix entries OuterControl{ActivePowerDroop, ReactivePowerDroop}
└ @ PowerSimulationsDynamics /global/home/users/cmroberts/.julia/packages/PowerSimulationsDynamics/IvsFd/src/models/inverter_models/outer_control_models.jl:6
┌ Debug: 2021-09-29T16:16:06.514 [210950:1]: Using default mass matrix entries VoltageModeControl
└ @ PowerSimulationsDynamics /global/home/users/cmroberts/.julia/packages/PowerSimulationsDynamics/IvsFd/src/models/inverter_models/inner_control_models.jl:6
┌ Debug: 2021-09-29T16:16:06.514 [210950:1]: Using default mass matrix entries AverageConverter
└ @ PowerSimulationsDynamics /global/home/users/cmroberts/.julia/packages/PowerSimulationsDynamics/IvsFd/src/models/inverter_models/converter_models.jl:6
┌ Debug: 2021-09-29T16:16:06.514 [210950:1]: Using default mass matrix entries LCLFilter
└ @ PowerSimulationsDynamics /global/home/users/cmroberts/.julia/packages/PowerSimulationsDynamics/IvsFd/src/models/inverter_models/filter_models.jl:6
┌ Debug: 2021-09-29T16:16:06.514 [210950:1]: Using default mass matrix entries TGTypeI
└ @ PowerSimulationsDynamics /global/home/users/cmroberts/.julia/packages/PowerSimulationsDynamics/IvsFd/src/models/generator_models/tg_models.jl:6
┌ Debug: 2021-09-29T16:16:06.514 [210950:1]: Using default mass matrix entries PSSFixed
└ @ PowerSimulationsDynamics /global/home/users/cmroberts/.julia/packages/PowerSimulationsDynamics/IvsFd/src/models/generator_models/pss_models.jl:6
┌ Debug: 2021-09-29T16:16:06.514 [210950:1]: Using default mass matrix entries AVRTypeI)
└ @ PowerSimulationsDynamics /global/home/users/cmroberts/.julia/packages/PowerSimulationsDynamics/IvsFd/src/models/generator_models/avr_models.jl:6
┌ Debug: 2021-09-29T16:16:06.514 [210950:1]: Using default mass matrix entries RoundRotorExponential
└ @ PowerSimulationsDynamics /global/home/users/cmroberts/.julia/packages/PowerSimulationsDynamics/IvsFd/src/models/generator_models/machine_models.jl:6
┌ Debug: 2021-09-29T16:16:06.514 [210950:1]: Using default mass matrix entries SingleMass
└ @ PowerSimulationsDynamics /global/home/users/cmroberts/.julia/packages/PowerSimulationsDynamics/IvsFd/src/models/generator_models/shaft_models.jl:6
┌ Debug: 2021-09-29T16:16:06.514 [210950:1]: Using default mass matrix entries TGTypeI
└ @ PowerSimulationsDynamics /global/home/users/cmroberts/.julia/packages/PowerSimulationsDynamics/IvsFd/src/models/generator_models/tg_models.jl:6
┌ Debug: 2021-09-29T16:16:06.514 [210950:1]: Using default mass matrix entries PSSFixed
└ @ PowerSimulationsDynamics /global/home/users/cmroberts/.julia/packages/PowerSimulationsDynamics/IvsFd/src/models/generator_models/pss_models.jl:6
┌ Debug: 2021-09-29T16:16:06.514 [210950:1]: Using default mass matrix entries AVRTypeI)
└ @ PowerSimulationsDynamics /global/home/users/cmroberts/.julia/packages/PowerSimulationsDynamics/IvsFd/src/models/generator_models/avr_models.jl:6
┌ Debug: 2021-09-29T16:16:06.514 [210950:1]: Using default mass matrix entries RoundRotorExponential
└ @ PowerSimulationsDynamics /global/home/users/cmroberts/.julia/packages/PowerSimulationsDynamics/IvsFd/src/models/generator_models/machine_models.jl:6
┌ Debug: 2021-09-29T16:16:06.514 [210950:1]: Using default mass matrix entries SingleMass
└ @ PowerSimulationsDynamics /global/home/users/cmroberts/.julia/packages/PowerSimulationsDynamics/IvsFd/src/models/generator_models/shaft_models.jl:6
┌ Debug: 2021-09-29T16:16:06.514 [210950:1]: Using default mass matrix entries TGTypeI
└ @ PowerSimulationsDynamics /global/home/users/cmroberts/.julia/packages/PowerSimulationsDynamics/IvsFd/src/models/generator_models/tg_models.jl:6
┌ Debug: 2021-09-29T16:16:06.514 [210950:1]: Using default mass matrix entries PSSFixed
└ @ PowerSimulationsDynamics /global/home/users/cmroberts/.julia/packages/PowerSimulationsDynamics/IvsFd/src/models/generator_models/pss_models.jl:6
┌ Debug: 2021-09-29T16:16:06.514 [210950:1]: Using default mass matrix entries AVRTypeI)
└ @ PowerSimulationsDynamics /global/home/users/cmroberts/.julia/packages/PowerSimulationsDynamics/IvsFd/src/models/generator_models/avr_models.jl:6
┌ Debug: 2021-09-29T16:16:06.514 [210950:1]: Using default mass matrix entries RoundRotorExponential
└ @ PowerSimulationsDynamics /global/home/users/cmroberts/.julia/packages/PowerSimulationsDynamics/IvsFd/src/models/generator_models/machine_models.jl:6
┌ Debug: 2021-09-29T16:16:06.514 [210950:1]: Using default mass matrix entries SingleMass
└ @ PowerSimulationsDynamics /global/home/users/cmroberts/.julia/packages/PowerSimulationsDynamics/IvsFd/src/models/generator_models/shaft_models.jl:6
┌ Debug: 2021-09-29T16:16:06.514 [210950:1]: Using default mass matrix entries TGTypeI
└ @ PowerSimulationsDynamics /global/home/users/cmroberts/.julia/packages/PowerSimulationsDynamics/IvsFd/src/models/generator_models/tg_models.jl:6
┌ Debug: 2021-09-29T16:16:06.514 [210950:1]: Using default mass matrix entries PSSFixed
└ @ PowerSimulationsDynamics /global/home/users/cmroberts/.julia/packages/PowerSimulationsDynamics/IvsFd/src/models/generator_models/pss_models.jl:6
┌ Debug: 2021-09-29T16:16:06.514 [210950:1]: Using default mass matrix entries AVRTypeI)
└ @ PowerSimulationsDynamics /global/home/users/cmroberts/.julia/packages/PowerSimulationsDynamics/IvsFd/src/models/generator_models/avr_models.jl:6
┌ Debug: 2021-09-29T16:16:06.515 [210950:1]: Using default mass matrix entries RoundRotorExponential
└ @ PowerSimulationsDynamics /global/home/users/cmroberts/.julia/packages/PowerSimulationsDynamics/IvsFd/src/models/generator_models/machine_models.jl:6
┌ Debug: 2021-09-29T16:16:06.515 [210950:1]: Using default mass matrix entries SingleMass
└ @ PowerSimulationsDynamics /global/home/users/cmroberts/.julia/packages/PowerSimulationsDynamics/IvsFd/src/models/generator_models/shaft_models.jl:6
┌ Debug: 2021-09-29T16:16:06.515 [210950:1]: Using default mass matrix entries TGTypeI
└ @ PowerSimulationsDynamics /global/home/users/cmroberts/.julia/packages/PowerSimulationsDynamics/IvsFd/src/models/generator_models/tg_models.jl:6
┌ Debug: 2021-09-29T16:16:06.515 [210950:1]: Using default mass matrix entries PSSFixed
└ @ PowerSimulationsDynamics /global/home/users/cmroberts/.julia/packages/PowerSimulationsDynamics/IvsFd/src/models/generator_models/pss_models.jl:6
┌ Debug: 2021-09-29T16:16:06.515 [210950:1]: Using default mass matrix entries AVRTypeI)
└ @ PowerSimulationsDynamics /global/home/users/cmroberts/.julia/packages/PowerSimulationsDynamics/IvsFd/src/models/generator_models/avr_models.jl:6
┌ Debug: 2021-09-29T16:16:06.515 [210950:1]: Using default mass matrix entries RoundRotorExponential
└ @ PowerSimulationsDynamics /global/home/users/cmroberts/.julia/packages/PowerSimulationsDynamics/IvsFd/src/models/generator_models/machine_models.jl:6
┌ Debug: 2021-09-29T16:16:06.515 [210950:1]: Using default mass matrix entries SingleMass
└ @ PowerSimulationsDynamics /global/home/users/cmroberts/.julia/packages/PowerSimulationsDynamics/IvsFd/src/models/generator_models/shaft_models.jl:6
┌ Debug: 2021-09-29T16:16:06.515 [210950:1]: Base.ImmutableDict(:bus_count => 14, :total_variables => 186, :first_dyn_branch_point => 0, :first_dyn_injection_pointer => 29, :branches_n_states => 0, :injection_n_states => 158)
└ @ PowerSimulationsDynamics /global/home/users/cmroberts/.julia/packages/PowerSimulationsDynamics/IvsFd/src/base/simulation_inputs.jl:282
┌ Debug: 2021-09-29T16:16:06.515 [210950:1]: Simulation Inputs Created
└ @ PowerSimulationsDynamics /global/home/users/cmroberts/.julia/packages/PowerSimulationsDynamics/IvsFd/src/base/simulation.jl:177
┌ Info: 2021-09-29T16:16:06.515 [210950:1]: Attaching Perturbations
└ @ PowerSimulationsDynamics /global/home/users/cmroberts/.julia/packages/PowerSimulationsDynamics/IvsFd/src/base/simulation.jl:216
┌ Debug: 2021-09-29T16:16:06.515 [210950:1]: The simulation has no perturbations
└ @ PowerSimulationsDynamics /global/home/users/cmroberts/.julia/packages/PowerSimulationsDynamics/IvsFd/src/base/simulation.jl:218
┌ Debug: 2021-09-29T16:16:06.515 [210950:1]: Auxiliary Arrays created with Type Float64
└ @ PowerSimulationsDynamics /global/home/users/cmroberts/.julia/packages/PowerSimulationsDynamics/IvsFd/src/base/simulation_inputs.jl:127
┌ Info: 2021-09-29T16:16:06.515 [210950:1]: Simulations status = BUILT
└ @ PowerSimulationsDynamics /global/home/users/cmroberts/.julia/packages/PowerSimulationsDynamics/IvsFd/src/base/simulation.jl:273
